<?xml version="1.0" encoding="UTF-8"?>
<!-- Generated by org.testng.reporters.JUnitReportReporter -->
<testsuite skipped="0" hostname="LAPTOP-01TN7J6A" name="com.cucumber.testRunner.TestRunner" tests="1" failures="0" timestamp="06 Feb 2019 07:36:00 GMT" time="43.932" errors="0">
  <testcase name="feature" time="43.932" classname="com.cucumber.testRunner.TestRunner"/>
</testsuite> <!-- com.cucumber.testRunner.TestRunner -->
